# JRE version: OpenJDK Runtime Environment Temurin-17.0.4.1+1 (17.0.4.1+1) (build 17.0.4.1+1)
# Java VM: OpenJDK 64-Bit Server VM Temurin-17.0.4.1+1 (17.0.4.1+1, mixed mode, sharing, tiered, compressed oops, compressed class ptrs, g1 gc, windows-amd64)
GC Precious Log:
 CPUs: 12 total, 12 available
 Memory: 32684M
 Large Page Support: Disabled
 NUMA Support: Disabled
 Compressed Oops: Enabled (Zero based)
 Heap Region Size: 4M
 Heap Min Capacity: 8M
 Heap Initial Capacity: 512M
 Heap Max Capacity: 8172M
 Pre-touch: Disabled
 Parallel Workers: 10
 Concurrent Workers: 3
 Concurrent Refinement Workers: 10
 Periodic GC: Disabled
Heap:
 garbage-first heap   total 1175552K, used 244939K [0x0000000601400000, 0x0000000800000000)
  region size 4096K, 5 young (20480K), 5 survivors (20480K)
 Metaspace       used 57772K, committed 58880K, reserved 1105920K
  class space    used 8661K, committed 9152K, reserved 1048576K
GC Heap History (20 events):
Event: 6.702 GC heap after
{Heap after GC invocations=21 (full 0):
 garbage-first heap   total 364544K, used 158347K [0x0000000601400000, 0x0000000800000000)
  region size 4096K, 4 young (16384K), 4 survivors (16384K)
 Metaspace       used 53003K, committed 54080K, reserved 1097728K
  class space    used 7756K, committed 8256K, reserved 1048576K
}
Event: 6.855 GC heap before
{Heap before GC invocations=21 (full 0):
 garbage-first heap   total 364544K, used 289419K [0x0000000601400000, 0x0000000800000000)
  region size 4096K, 36 young (147456K), 4 survivors (16384K)
 Metaspace       used 53805K, committed 54848K, reserved 1097728K
  class space    used 7883K, committed 8384K, reserved 1048576K
}
Event: 6.870 GC heap after
{Heap after GC invocations=22 (full 0):
 garbage-first heap   total 364544K, used 175655K [0x0000000601400000, 0x0000000800000000)
  region size 4096K, 5 young (20480K), 5 survivors (20480K)
 Metaspace       used 53805K, committed 54848K, reserved 1097728K
  class space    used 7883K, committed 8384K, reserved 1048576K
}
Event: 6.946 GC heap before
{Heap before GC invocations=22 (full 0):
 garbage-first heap   total 364544K, used 282151K [0x0000000601400000, 0x0000000800000000)
  region size 4096K, 32 young (131072K), 5 survivors (20480K)
 Metaspace       used 54394K, committed 55488K, reserved 1097728K
  class space    used 7990K, committed 8512K, reserved 1048576K
}
Event: 6.962 GC heap after
{Heap after GC invocations=23 (full 0):
 garbage-first heap   total 569344K, used 191241K [0x0000000601400000, 0x0000000800000000)
  region size 4096K, 4 young (16384K), 4 survivors (16384K)
 Metaspace       used 54394K, committed 55488K, reserved 1097728K
  class space    used 7990K, committed 8512K, reserved 1048576K
}
Event: 7.158 GC heap before
{Heap before GC invocations=23 (full 0):
 garbage-first heap   total 569344K, used 437001K [0x0000000601400000, 0x0000000800000000)
  region size 4096K, 64 young (262144K), 4 survivors (16384K)
 Metaspace       used 55753K, committed 56896K, reserved 1097728K
  class space    used 8255K, committed 8768K, reserved 1048576K
}
Event: 7.179 GC heap after
{Heap after GC invocations=24 (full 0):
 garbage-first heap   total 569344K, used 221074K [0x0000000601400000, 0x0000000800000000)
  region size 4096K, 8 young (32768K), 8 survivors (32768K)
 Metaspace       used 55753K, committed 56896K, reserved 1097728K
  class space    used 8255K, committed 8768K, reserved 1048576K
}
Event: 7.299 GC heap before
{Heap before GC invocations=24 (full 0):
 garbage-first heap   total 569344K, used 446354K [0x0000000601400000, 0x0000000800000000)
  region size 4096K, 62 young (253952K), 8 survivors (32768K)
 Metaspace       used 56564K, committed 57728K, reserved 1097728K
  class space    used 8420K, committed 8960K, reserved 1048576K
}
Event: 7.317 GC heap after
{Heap after GC invocations=25 (full 0):
 garbage-first heap   total 569344K, used 237927K [0x0000000601400000, 0x0000000800000000)
  region size 4096K, 3 young (12288K), 3 survivors (12288K)
 Metaspace       used 56564K, committed 57728K, reserved 1097728K
  class space    used 8420K, committed 8960K, reserved 1048576K
}
Event: 7.362 GC heap before
{Heap before GC invocations=25 (full 0):
 garbage-first heap   total 569344K, used 450919K [0x0000000601400000, 0x0000000800000000)
  region size 4096K, 55 young (225280K), 3 survivors (12288K)
 Metaspace       used 56824K, committed 57920K, reserved 1105920K
  class space    used 8468K, committed 8960K, reserved 1048576K
}
Event: 7.370 GC heap after
{Heap after GC invocations=26 (full 0):
 garbage-first heap   total 569344K, used 239009K [0x0000000601400000, 0x0000000800000000)
  region size 4096K, 4 young (16384K), 4 survivors (16384K)
 Metaspace       used 56824K, committed 57920K, reserved 1105920K
  class space    used 8468K, committed 8960K, reserved 1048576K
}
Event: 7.401 GC heap before
{Heap before GC invocations=26 (full 0):
 garbage-first heap   total 569344K, used 456097K [0x0000000601400000, 0x0000000800000000)
  region size 4096K, 57 young (233472K), 4 survivors (16384K)
 Metaspace       used 56870K, committed 58048K, reserved 1105920K
  class space    used 8483K, committed 9024K, reserved 1048576K
}
Event: 7.410 GC heap after
{Heap after GC invocations=27 (full 0):
 garbage-first heap   total 1175552K, used 240672K [0x0000000601400000, 0x0000000800000000)
  region size 4096K, 4 young (16384K), 4 survivors (16384K)
 Metaspace       used 56870K, committed 58048K, reserved 1105920K
  class space    used 8483K, committed 9024K, reserved 1048576K
}
Event: 7.568 GC heap before
{Heap before GC invocations=27 (full 0):
 garbage-first heap   total 1175552K, used 928800K [0x0000000601400000, 0x0000000800000000)
  region size 4096K, 172 young (704512K), 4 survivors (16384K)
 Metaspace       used 57449K, committed 58624K, reserved 1105920K
  class space    used 8614K, committed 9152K, reserved 1048576K
}
Event: 7.579 GC heap after
{Heap after GC invocations=28 (full 0):
 garbage-first heap   total 1175552K, used 242569K [0x0000000601400000, 0x0000000800000000)
  region size 4096K, 5 young (20480K), 5 survivors (20480K)
 Metaspace       used 57449K, committed 58624K, reserved 1105920K
  class space    used 8614K, committed 9152K, reserved 1048576K
}
Event: 7.666 GC heap before
{Heap before GC invocations=28 (full 0):
 garbage-first heap   total 1175552K, used 926601K [0x0000000601400000, 0x0000000800000000)
  region size 4096K, 172 young (704512K), 5 survivors (20480K)
 Metaspace       used 57455K, committed 58624K, reserved 1105920K
  class space    used 8615K, committed 9152K, reserved 1048576K
}
Event: 7.676 GC heap after
{Heap after GC invocations=29 (full 0):
 garbage-first heap   total 1175552K, used 243813K [0x0000000601400000, 0x0000000800000000)
  region size 4096K, 5 young (20480K), 5 survivors (20480K)
 Metaspace       used 57455K, committed 58624K, reserved 1105920K
  class space    used 8615K, committed 9152K, reserved 1048576K
}
Event: 7.760 GC heap before
{Heap before GC invocations=29 (full 0):
 garbage-first heap   total 1175552K, used 927845K [0x0000000601400000, 0x0000000800000000)
  region size 4096K, 172 young (704512K), 5 survivors (20480K)
 Metaspace       used 57606K, committed 58752K, reserved 1105920K
  class space    used 8639K, committed 9152K, reserved 1048576K
}
Event: 7.768 GC heap after
{Heap after GC invocations=30 (full 0):
 garbage-first heap   total 1175552K, used 244212K [0x0000000601400000, 0x0000000800000000)
  region size 4096K, 5 young (20480K), 5 survivors (20480K)
 Metaspace       used 57606K, committed 58752K, reserved 1105920K
  class space    used 8639K, committed 9152K, reserved 1048576K
}
Event: 7.855 GC heap before
{Heap before GC invocations=30 (full 0):
 garbage-first heap   total 1175552K, used 928244K [0x0000000601400000, 0x0000000800000000)
  region size 4096K, 172 young (704512K), 5 survivors (20480K)
 Metaspace       used 57772K, committed 58880K, reserved 1105920K
  class space    used 8661K, committed 9152K, reserved 1048576K
}

