# JRE version: OpenJDK Runtime Environment Temurin-17.0.4.1+1 (17.0.4.1+1) (build 17.0.4.1+1)
# Java VM: OpenJDK 64-Bit Server VM Temurin-17.0.4.1+1 (17.0.4.1+1, mixed mode, sharing, tiered, compressed oops, compressed class ptrs, g1 gc, windows-amd64)
GC Precious Log:
 CPUs: 12 total, 12 available
 Memory: 32684M
 Large Page Support: Disabled
 NUMA Support: Disabled
 Compressed Oops: Enabled (Zero based)
 Heap Region Size: 4M
 Heap Min Capacity: 8M
 Heap Initial Capacity: 512M
 Heap Max Capacity: 8172M
 Pre-touch: Disabled
 Parallel Workers: 10
 Concurrent Workers: 3
 Concurrent Refinement Workers: 10
 Periodic GC: Disabled
Heap:
 garbage-first heap   total 1007616K, used 238859K [0x0000000601400000, 0x0000000800000000)
  region size 4096K, 5 young (20480K), 5 survivors (20480K)
 Metaspace       used 55369K, committed 56512K, reserved 1097728K
  class space    used 8172K, committed 8704K, reserved 1048576K
GC Heap History (20 events):
Event: 5.308 GC heap after
{Heap after GC invocations=18 (full 0):
 garbage-first heap   total 274432K, used 85752K [0x0000000601400000, 0x0000000800000000)
  region size 4096K, 1 young (4096K), 1 survivors (4096K)
 Metaspace       used 40729K, committed 41728K, reserved 1089536K
  class space    used 5338K, committed 5760K, reserved 1048576K
}
Event: 5.589 GC heap before
{Heap before GC invocations=18 (full 0):
 garbage-first heap   total 274432K, used 220920K [0x0000000601400000, 0x0000000800000000)
  region size 4096K, 34 young (139264K), 1 survivors (4096K)
 Metaspace       used 41653K, committed 42624K, reserved 1089536K
  class space    used 5497K, committed 5888K, reserved 1048576K
}
Event: 5.597 GC heap after
{Heap after GC invocations=19 (full 0):
 garbage-first heap   total 274432K, used 97819K [0x0000000601400000, 0x0000000800000000)
  region size 4096K, 4 young (16384K), 4 survivors (16384K)
 Metaspace       used 41653K, committed 42624K, reserved 1089536K
  class space    used 5497K, committed 5888K, reserved 1048576K
}
Event: 5.798 GC heap before
{Heap before GC invocations=19 (full 0):
 garbage-first heap   total 274432K, used 216603K [0x0000000601400000, 0x0000000800000000)
  region size 4096K, 33 young (135168K), 4 survivors (16384K)
 Metaspace       used 42756K, committed 43712K, reserved 1089536K
  class space    used 5672K, committed 6080K, reserved 1048576K
}
Event: 5.809 GC heap after
{Heap after GC invocations=20 (full 0):
 garbage-first heap   total 548864K, used 109545K [0x0000000601400000, 0x0000000800000000)
  region size 4096K, 3 young (12288K), 3 survivors (12288K)
 Metaspace       used 42756K, committed 43712K, reserved 1089536K
  class space    used 5672K, committed 6080K, reserved 1048576K
}
Event: 6.848 GC heap before
{Heap before GC invocations=20 (full 0):
 garbage-first heap   total 548864K, used 424937K [0x0000000601400000, 0x0000000800000000)
  region size 4096K, 80 young (327680K), 3 survivors (12288K)
 Metaspace       used 52219K, committed 53248K, reserved 1097728K
  class space    used 7577K, committed 8064K, reserved 1048576K
}
Event: 6.865 GC heap after
{Heap after GC invocations=21 (full 0):
 garbage-first heap   total 548864K, used 146901K [0x0000000601400000, 0x0000000800000000)
  region size 4096K, 10 young (40960K), 10 survivors (40960K)
 Metaspace       used 52219K, committed 53248K, reserved 1097728K
  class space    used 7577K, committed 8064K, reserved 1048576K
}
Event: 7.127 GC heap before
{Heap before GC invocations=21 (full 0):
 garbage-first heap   total 548864K, used 421333K [0x0000000601400000, 0x0000000800000000)
  region size 4096K, 78 young (319488K), 10 survivors (40960K)
 Metaspace       used 53756K, committed 54848K, reserved 1097728K
  class space    used 7874K, committed 8384K, reserved 1048576K
}
Event: 7.154 GC heap after
{Heap after GC invocations=22 (full 0):
 garbage-first heap   total 548864K, used 186463K [0x0000000601400000, 0x0000000800000000)
  region size 4096K, 10 young (40960K), 10 survivors (40960K)
 Metaspace       used 53756K, committed 54848K, reserved 1097728K
  class space    used 7874K, committed 8384K, reserved 1048576K
}
Event: 7.314 GC heap before
{Heap before GC invocations=22 (full 0):
 garbage-first heap   total 548864K, used 428127K [0x0000000601400000, 0x0000000800000000)
  region size 4096K, 69 young (282624K), 10 survivors (40960K)
 Metaspace       used 54643K, committed 55744K, reserved 1097728K
  class space    used 8042K, committed 8512K, reserved 1048576K
}
Event: 7.339 GC heap after
{Heap after GC invocations=23 (full 0):
 garbage-first heap   total 548864K, used 218788K [0x0000000601400000, 0x0000000800000000)
  region size 4096K, 9 young (36864K), 9 survivors (36864K)
 Metaspace       used 54643K, committed 55744K, reserved 1097728K
  class space    used 8042K, committed 8512K, reserved 1048576K
}
Event: 7.404 GC heap before
{Heap before GC invocations=23 (full 0):
 garbage-first heap   total 548864K, used 427684K [0x0000000601400000, 0x0000000800000000)
  region size 4096K, 60 young (245760K), 9 survivors (36864K)
 Metaspace       used 54719K, committed 55872K, reserved 1097728K
  class space    used 8051K, committed 8576K, reserved 1048576K
}
Event: 7.419 GC heap after
{Heap after GC invocations=24 (full 0):
 garbage-first heap   total 1007616K, used 224041K [0x0000000601400000, 0x0000000800000000)
  region size 4096K, 2 young (8192K), 2 survivors (8192K)
 Metaspace       used 54719K, committed 55872K, reserved 1097728K
  class space    used 8051K, committed 8576K, reserved 1048576K
}
Event: 7.566 GC heap before
{Heap before GC invocations=24 (full 0):
 garbage-first heap   total 1007616K, used 785193K [0x0000000601400000, 0x0000000800000000)
  region size 4096K, 138 young (565248K), 2 survivors (8192K)
 Metaspace       used 55029K, committed 56128K, reserved 1097728K
  class space    used 8119K, committed 8640K, reserved 1048576K
}
Event: 7.574 GC heap after
{Heap after GC invocations=25 (full 0):
 garbage-first heap   total 1007616K, used 235586K [0x0000000601400000, 0x0000000800000000)
  region size 4096K, 4 young (16384K), 4 survivors (16384K)
 Metaspace       used 55029K, committed 56128K, reserved 1097728K
  class space    used 8119K, committed 8640K, reserved 1048576K
}
Event: 7.654 GC heap before
{Heap before GC invocations=25 (full 0):
 garbage-first heap   total 1007616K, used 817218K [0x0000000601400000, 0x0000000800000000)
  region size 4096K, 146 young (598016K), 4 survivors (16384K)
 Metaspace       used 55217K, committed 56320K, reserved 1097728K
  class space    used 8153K, committed 8640K, reserved 1048576K
}
Event: 7.661 GC heap after
{Heap after GC invocations=26 (full 0):
 garbage-first heap   total 1007616K, used 237055K [0x0000000601400000, 0x0000000800000000)
  region size 4096K, 4 young (16384K), 4 survivors (16384K)
 Metaspace       used 55217K, committed 56320K, reserved 1097728K
  class space    used 8153K, committed 8640K, reserved 1048576K
}
Event: 7.742 GC heap before
{Heap before GC invocations=26 (full 0):
 garbage-first heap   total 1007616K, used 822783K [0x0000000601400000, 0x0000000800000000)
  region size 4096K, 147 young (602112K), 4 survivors (16384K)
 Metaspace       used 55347K, committed 56512K, reserved 1097728K
  class space    used 8170K, committed 8704K, reserved 1048576K
}
Event: 7.750 GC heap after
{Heap after GC invocations=27 (full 0):
 garbage-first heap   total 1007616K, used 237974K [0x0000000601400000, 0x0000000800000000)
  region size 4096K, 4 young (16384K), 4 survivors (16384K)
 Metaspace       used 55347K, committed 56512K, reserved 1097728K
  class space    used 8170K, committed 8704K, reserved 1048576K
}
Event: 7.827 GC heap before
{Heap before GC invocations=27 (full 0):
 garbage-first heap   total 1007616K, used 823702K [0x0000000601400000, 0x0000000800000000)
  region size 4096K, 147 young (602112K), 4 survivors (16384K)
 Metaspace       used 55369K, committed 56512K, reserved 1097728K
  class space    used 8172K, committed 8704K, reserved 1048576K
}

