# JRE version: OpenJDK Runtime Environment Temurin-17.0.4.1+1 (17.0.4.1+1) (build 17.0.4.1+1)
# Java VM: OpenJDK 64-Bit Server VM Temurin-17.0.4.1+1 (17.0.4.1+1, mixed mode, sharing, tiered, compressed oops, compressed class ptrs, g1 gc, windows-amd64)
GC Precious Log:
 CPUs: 12 total, 12 available
 Memory: 32684M
 Large Page Support: Disabled
 NUMA Support: Disabled
 Compressed Oops: Enabled (Zero based)
 Heap Region Size: 4M
 Heap Min Capacity: 8M
 Heap Initial Capacity: 512M
 Heap Max Capacity: 8172M
 Pre-touch: Disabled
 Parallel Workers: 10
 Concurrent Workers: 3
 Concurrent Refinement Workers: 10
 Periodic GC: Disabled
Heap:
 garbage-first heap   total 1392640K, used 247826K [0x0000000601400000, 0x0000000800000000)
  region size 4096K, 5 young (20480K), 5 survivors (20480K)
 Metaspace       used 61912K, committed 62976K, reserved 1105920K
  class space    used 9325K, committed 9792K, reserved 1048576K
GC Heap History (20 events):
Event: 6.973 GC heap after
{Heap after GC invocations=24 (full 0):
 garbage-first heap   total 372736K, used 177216K [0x0000000601400000, 0x0000000800000000)
  region size 4096K, 4 young (16384K), 4 survivors (16384K)
 Metaspace       used 55678K, committed 56704K, reserved 1097728K
  class space    used 8115K, committed 8576K, reserved 1048576K
}
Event: 7.063 GC heap before
{Heap before GC invocations=24 (full 0):
 garbage-first heap   total 372736K, used 283712K [0x0000000601400000, 0x0000000800000000)
  region size 4096K, 31 young (126976K), 4 survivors (16384K)
 Metaspace       used 56073K, committed 57152K, reserved 1105920K
  class space    used 8197K, committed 8640K, reserved 1048576K
}
Event: 7.082 GC heap after
{Heap after GC invocations=25 (full 0):
 garbage-first heap   total 622592K, used 193561K [0x0000000601400000, 0x0000000800000000)
  region size 4096K, 4 young (16384K), 4 survivors (16384K)
 Metaspace       used 56073K, committed 57152K, reserved 1105920K
  class space    used 8197K, committed 8640K, reserved 1048576K
}
Event: 7.321 GC heap before
{Heap before GC invocations=26 (full 0):
 garbage-first heap   total 622592K, used 472089K [0x0000000601400000, 0x0000000800000000)
  region size 4096K, 72 young (294912K), 4 survivors (16384K)
 Metaspace       used 57350K, committed 58432K, reserved 1105920K
  class space    used 8456K, committed 8960K, reserved 1048576K
}
Event: 7.341 GC heap after
{Heap after GC invocations=27 (full 0):
 garbage-first heap   total 622592K, used 222684K [0x0000000601400000, 0x0000000800000000)
  region size 4096K, 9 young (36864K), 9 survivors (36864K)
 Metaspace       used 57350K, committed 58432K, reserved 1105920K
  class space    used 8456K, committed 8960K, reserved 1048576K
}
Event: 7.388 GC heap before
{Heap before GC invocations=27 (full 0):
 garbage-first heap   total 622592K, used 480732K [0x0000000601400000, 0x0000000800000000)
  region size 4096K, 71 young (290816K), 9 survivors (36864K)
 Metaspace       used 57562K, committed 58688K, reserved 1105920K
  class space    used 8505K, committed 9024K, reserved 1048576K
}
Event: 7.403 GC heap after
{Heap after GC invocations=28 (full 0):
 garbage-first heap   total 622592K, used 233324K [0x0000000601400000, 0x0000000800000000)
  region size 4096K, 2 young (8192K), 2 survivors (8192K)
 Metaspace       used 57562K, committed 58688K, reserved 1105920K
  class space    used 8505K, committed 9024K, reserved 1048576K
}
Event: 7.469 GC heap before
{Heap before GC invocations=28 (full 0):
 garbage-first heap   total 622592K, used 487276K [0x0000000601400000, 0x0000000800000000)
  region size 4096K, 64 young (262144K), 2 survivors (8192K)
 Metaspace       used 57930K, committed 59072K, reserved 1105920K
  class space    used 8579K, committed 9088K, reserved 1048576K
}
Event: 7.475 GC heap after
{Heap after GC invocations=29 (full 0):
 garbage-first heap   total 622592K, used 234507K [0x0000000601400000, 0x0000000800000000)
  region size 4096K, 2 young (8192K), 2 survivors (8192K)
 Metaspace       used 57930K, committed 59072K, reserved 1105920K
  class space    used 8579K, committed 9088K, reserved 1048576K
}
Event: 7.527 GC heap before
{Heap before GC invocations=29 (full 0):
 garbage-first heap   total 622592K, used 496651K [0x0000000601400000, 0x0000000800000000)
  region size 4096K, 66 young (270336K), 2 survivors (8192K)
 Metaspace       used 58409K, committed 59520K, reserved 1105920K
  class space    used 8719K, committed 9216K, reserved 1048576K
}
Event: 7.535 GC heap after
{Heap after GC invocations=30 (full 0):
 garbage-first heap   total 622592K, used 238059K [0x0000000601400000, 0x0000000800000000)
  region size 4096K, 3 young (12288K), 3 survivors (12288K)
 Metaspace       used 58409K, committed 59520K, reserved 1105920K
  class space    used 8719K, committed 9216K, reserved 1048576K
}
Event: 7.570 GC heap before
{Heap before GC invocations=30 (full 0):
 garbage-first heap   total 622592K, used 504299K [0x0000000601400000, 0x0000000800000000)
  region size 4096K, 68 young (278528K), 3 survivors (12288K)
 Metaspace       used 58620K, committed 59712K, reserved 1105920K
  class space    used 8747K, committed 9216K, reserved 1048576K
}
Event: 7.582 GC heap after
{Heap after GC invocations=31 (full 0):
 garbage-first heap   total 1392640K, used 239689K [0x0000000601400000, 0x0000000800000000)
  region size 4096K, 3 young (12288K), 3 survivors (12288K)
 Metaspace       used 58620K, committed 59712K, reserved 1105920K
  class space    used 8747K, committed 9216K, reserved 1048576K
}
Event: 7.787 GC heap before
{Heap before GC invocations=31 (full 0):
 garbage-first heap   total 1392640K, used 1062985K [0x0000000601400000, 0x0000000800000000)
  region size 4096K, 204 young (835584K), 3 survivors (12288K)
 Metaspace       used 59801K, committed 60864K, reserved 1105920K
  class space    used 8944K, committed 9408K, reserved 1048576K
}
Event: 7.795 GC heap after
{Heap after GC invocations=32 (full 0):
 garbage-first heap   total 1392640K, used 243785K [0x0000000601400000, 0x0000000800000000)
  region size 4096K, 4 young (16384K), 4 survivors (16384K)
 Metaspace       used 59801K, committed 60864K, reserved 1105920K
  class space    used 8944K, committed 9408K, reserved 1048576K
}
Event: 7.891 GC heap before
{Heap before GC invocations=32 (full 0):
 garbage-first heap   total 1392640K, used 1062985K [0x0000000601400000, 0x0000000800000000)
  region size 4096K, 204 young (835584K), 4 survivors (16384K)
 Metaspace       used 60565K, committed 61632K, reserved 1105920K
  class space    used 9076K, committed 9536K, reserved 1048576K
}
Event: 7.898 GC heap after
{Heap after GC invocations=33 (full 0):
 garbage-first heap   total 1392640K, used 245208K [0x0000000601400000, 0x0000000800000000)
  region size 4096K, 5 young (20480K), 5 survivors (20480K)
 Metaspace       used 60565K, committed 61632K, reserved 1105920K
  class space    used 9076K, committed 9536K, reserved 1048576K
}
Event: 7.984 GC heap before
{Heap before GC invocations=33 (full 0):
 garbage-first heap   total 1392640K, used 1060312K [0x0000000601400000, 0x0000000800000000)
  region size 4096K, 204 young (835584K), 5 survivors (20480K)
 Metaspace       used 61163K, committed 62208K, reserved 1105920K
  class space    used 9193K, committed 9664K, reserved 1048576K
}
Event: 7.992 GC heap after
{Heap after GC invocations=34 (full 0):
 garbage-first heap   total 1392640K, used 245679K [0x0000000601400000, 0x0000000800000000)
  region size 4096K, 5 young (20480K), 5 survivors (20480K)
 Metaspace       used 61163K, committed 62208K, reserved 1105920K
  class space    used 9193K, committed 9664K, reserved 1048576K
}
Event: 8.134 GC heap before
{Heap before GC invocations=34 (full 0):
 garbage-first heap   total 1392640K, used 1060783K [0x0000000601400000, 0x0000000800000000)
  region size 4096K, 204 young (835584K), 5 survivors (20480K)
 Metaspace       used 61912K, committed 62976K, reserved 1105920K
  class space    used 9325K, committed 9792K, reserved 1048576K
}

