# JRE version: OpenJDK Runtime Environment Temurin-17.0.4.1+1 (17.0.4.1+1) (build 17.0.4.1+1)
# Java VM: OpenJDK 64-Bit Server VM Temurin-17.0.4.1+1 (17.0.4.1+1, mixed mode, sharing, tiered, compressed oops, compressed class ptrs, g1 gc, windows-amd64)
GC Precious Log:
 CPUs: 12 total, 12 available
 Memory: 32684M
 Large Page Support: Disabled
 NUMA Support: Disabled
 Compressed Oops: Enabled (Zero based)
 Heap Region Size: 4M
 Heap Min Capacity: 8M
 Heap Initial Capacity: 512M
 Heap Max Capacity: 8172M
 Pre-touch: Disabled
 Parallel Workers: 10
 Concurrent Workers: 3
 Concurrent Refinement Workers: 10
 Periodic GC: Disabled
Heap:
 garbage-first heap   total 983040K, used 245307K [0x0000000601400000, 0x0000000800000000)
  region size 4096K, 6 young (24576K), 6 survivors (24576K)
 Metaspace       used 60373K, committed 61440K, reserved 1105920K
  class space    used 9168K, committed 9664K, reserved 1048576K
GC Heap History (20 events):
Event: 6.489 GC heap after
{Heap after GC invocations=24 (full 0):
 garbage-first heap   total 315392K, used 154058K [0x0000000601400000, 0x0000000800000000)
  region size 4096K, 3 young (12288K), 3 survivors (12288K)
 Metaspace       used 52639K, committed 53696K, reserved 1097728K
  class space    used 7693K, committed 8128K, reserved 1048576K
}
Event: 6.718 GC heap before
{Heap before GC invocations=24 (full 0):
 garbage-first heap   total 315392K, used 244170K [0x0000000601400000, 0x0000000800000000)
  region size 4096K, 25 young (102400K), 3 survivors (12288K)
 Metaspace       used 54717K, committed 55744K, reserved 1097728K
  class space    used 8074K, committed 8512K, reserved 1048576K
}
Event: 6.729 GC heap after
{Heap after GC invocations=25 (full 0):
 garbage-first heap   total 491520K, used 163440K [0x0000000601400000, 0x0000000800000000)
  region size 4096K, 3 young (12288K), 3 survivors (12288K)
 Metaspace       used 54717K, committed 55744K, reserved 1097728K
  class space    used 8074K, committed 8512K, reserved 1048576K
}
Event: 7.063 GC heap before
{Heap before GC invocations=26 (full 0):
 garbage-first heap   total 491520K, used 380528K [0x0000000601400000, 0x0000000800000000)
  region size 4096K, 56 young (229376K), 3 survivors (12288K)
 Metaspace       used 56185K, committed 57216K, reserved 1097728K
  class space    used 8384K, committed 8832K, reserved 1048576K
}
Event: 7.078 GC heap after
{Heap after GC invocations=27 (full 0):
 garbage-first heap   total 491520K, used 191676K [0x0000000601400000, 0x0000000800000000)
  region size 4096K, 7 young (28672K), 7 survivors (28672K)
 Metaspace       used 56185K, committed 57216K, reserved 1097728K
  class space    used 8384K, committed 8832K, reserved 1048576K
}
Event: 7.205 GC heap before
{Heap before GC invocations=27 (full 0):
 garbage-first heap   total 491520K, used 384188K [0x0000000601400000, 0x0000000800000000)
  region size 4096K, 54 young (221184K), 7 survivors (28672K)
 Metaspace       used 57169K, committed 58240K, reserved 1105920K
  class space    used 8611K, committed 9088K, reserved 1048576K
}
Event: 7.225 GC heap after
{Heap after GC invocations=28 (full 0):
 garbage-first heap   total 491520K, used 216163K [0x0000000601400000, 0x0000000800000000)
  region size 4096K, 6 young (24576K), 6 survivors (24576K)
 Metaspace       used 57169K, committed 58240K, reserved 1105920K
  class space    used 8611K, committed 9088K, reserved 1048576K
}
Event: 7.307 GC heap before
{Heap before GC invocations=28 (full 0):
 garbage-first heap   total 491520K, used 384099K [0x0000000601400000, 0x0000000800000000)
  region size 4096K, 47 young (192512K), 6 survivors (24576K)
 Metaspace       used 57498K, committed 58560K, reserved 1105920K
  class space    used 8658K, committed 9152K, reserved 1048576K
}
Event: 7.317 GC heap after
{Heap after GC invocations=29 (full 0):
 garbage-first heap   total 491520K, used 224941K [0x0000000601400000, 0x0000000800000000)
  region size 4096K, 2 young (8192K), 2 survivors (8192K)
 Metaspace       used 57498K, committed 58560K, reserved 1105920K
  class space    used 8658K, committed 9152K, reserved 1048576K
}
Event: 7.350 GC heap before
{Heap before GC invocations=29 (full 0):
 garbage-first heap   total 491520K, used 392877K [0x0000000601400000, 0x0000000800000000)
  region size 4096K, 43 young (176128K), 2 survivors (8192K)
 Metaspace       used 57631K, committed 58688K, reserved 1105920K
  class space    used 8677K, committed 9152K, reserved 1048576K
}
Event: 7.356 GC heap after
{Heap after GC invocations=30 (full 0):
 garbage-first heap   total 491520K, used 225000K [0x0000000601400000, 0x0000000800000000)
  region size 4096K, 2 young (8192K), 2 survivors (8192K)
 Metaspace       used 57631K, committed 58688K, reserved 1105920K
  class space    used 8677K, committed 9152K, reserved 1048576K
}
Event: 7.380 GC heap before
{Heap before GC invocations=30 (full 0):
 garbage-first heap   total 491520K, used 401128K [0x0000000601400000, 0x0000000800000000)
  region size 4096K, 45 young (184320K), 2 survivors (8192K)
 Metaspace       used 57777K, committed 58816K, reserved 1105920K
  class space    used 8699K, committed 9152K, reserved 1048576K
}
Event: 7.388 GC heap after
{Heap after GC invocations=31 (full 0):
 garbage-first heap   total 983040K, used 225798K [0x0000000601400000, 0x0000000800000000)
  region size 4096K, 3 young (12288K), 3 survivors (12288K)
 Metaspace       used 57777K, committed 58816K, reserved 1105920K
  class space    used 8699K, committed 9152K, reserved 1048576K
}
Event: 7.552 GC heap before
{Heap before GC invocations=31 (full 0):
 garbage-first heap   total 983040K, used 786950K [0x0000000601400000, 0x0000000800000000)
  region size 4096K, 139 young (569344K), 3 survivors (12288K)
 Metaspace       used 58630K, committed 59712K, reserved 1105920K
  class space    used 8853K, committed 9344K, reserved 1048576K
}
Event: 7.561 GC heap after
{Heap after GC invocations=32 (full 0):
 garbage-first heap   total 983040K, used 237611K [0x0000000601400000, 0x0000000800000000)
  region size 4096K, 5 young (20480K), 5 survivors (20480K)
 Metaspace       used 58630K, committed 59712K, reserved 1105920K
  class space    used 8853K, committed 9344K, reserved 1048576K
}
Event: 7.644 GC heap before
{Heap before GC invocations=32 (full 0):
 garbage-first heap   total 983040K, used 802859K [0x0000000601400000, 0x0000000800000000)
  region size 4096K, 144 young (589824K), 5 survivors (20480K)
 Metaspace       used 59240K, committed 60288K, reserved 1105920K
  class space    used 8958K, committed 9408K, reserved 1048576K
}
Event: 7.652 GC heap after
{Heap after GC invocations=33 (full 0):
 garbage-first heap   total 983040K, used 240648K [0x0000000601400000, 0x0000000800000000)
  region size 4096K, 5 young (20480K), 5 survivors (20480K)
 Metaspace       used 59240K, committed 60288K, reserved 1105920K
  class space    used 8958K, committed 9408K, reserved 1048576K
}
Event: 7.730 GC heap before
{Heap before GC invocations=33 (full 0):
 garbage-first heap   total 983040K, used 809992K [0x0000000601400000, 0x0000000800000000)
  region size 4096K, 144 young (589824K), 5 survivors (20480K)
 Metaspace       used 59703K, committed 60800K, reserved 1105920K
  class space    used 9049K, committed 9536K, reserved 1048576K
}
Event: 7.739 GC heap after
{Heap after GC invocations=34 (full 0):
 garbage-first heap   total 983040K, used 242733K [0x0000000601400000, 0x0000000800000000)
  region size 4096K, 6 young (24576K), 6 survivors (24576K)
 Metaspace       used 59703K, committed 60800K, reserved 1105920K
  class space    used 9049K, committed 9536K, reserved 1048576K
}
Event: 7.831 GC heap before
{Heap before GC invocations=34 (full 0):
 garbage-first heap   total 983040K, used 807981K [0x0000000601400000, 0x0000000800000000)
  region size 4096K, 144 young (589824K), 6 survivors (24576K)
 Metaspace       used 60373K, committed 61440K, reserved 1105920K
  class space    used 9168K, committed 9664K, reserved 1048576K
}

