# JRE version: OpenJDK Runtime Environment Temurin-17.0.4.1+1 (17.0.4.1+1) (build 17.0.4.1+1)
# Java VM: OpenJDK 64-Bit Server VM Temurin-17.0.4.1+1 (17.0.4.1+1, mixed mode, sharing, tiered, compressed oops, compressed class ptrs, g1 gc, windows-amd64)
GC Precious Log:
 CPUs: 12 total, 12 available
 Memory: 32684M
 Large Page Support: Disabled
 NUMA Support: Disabled
 Compressed Oops: Enabled (Zero based)
 Heap Region Size: 4M
 Heap Min Capacity: 8M
 Heap Initial Capacity: 512M
 Heap Max Capacity: 8172M
 Pre-touch: Disabled
 Parallel Workers: 10
 Concurrent Workers: 3
 Concurrent Refinement Workers: 10
 Periodic GC: Disabled
Heap:
 garbage-first heap   total 770048K, used 241731K [0x0000000601400000, 0x0000000800000000)
  region size 4096K, 7 young (28672K), 7 survivors (28672K)
 Metaspace       used 56534K, committed 57664K, reserved 1097728K
  class space    used 8414K, committed 8896K, reserved 1048576K
GC Heap History (20 events):
Event: 5.570 GC heap after
{Heap after GC invocations=17 (full 0):
 garbage-first heap   total 303104K, used 101132K [0x0000000601400000, 0x0000000800000000)
  region size 4096K, 6 young (24576K), 6 survivors (24576K)
 Metaspace       used 41657K, committed 42624K, reserved 1089536K
  class space    used 5499K, committed 5888K, reserved 1048576K
}
Event: 5.927 GC heap before
{Heap before GC invocations=17 (full 0):
 garbage-first heap   total 303104K, used 236300K [0x0000000601400000, 0x0000000800000000)
  region size 4096K, 39 young (159744K), 6 survivors (24576K)
 Metaspace       used 45612K, committed 46528K, reserved 1089536K
  class space    used 6106K, committed 6528K, reserved 1048576K
}
Event: 5.940 GC heap after
{Heap after GC invocations=18 (full 0):
 garbage-first heap   total 303104K, used 113976K [0x0000000601400000, 0x0000000800000000)
  region size 4096K, 3 young (12288K), 3 survivors (12288K)
 Metaspace       used 45612K, committed 46528K, reserved 1089536K
  class space    used 6106K, committed 6528K, reserved 1048576K
}
Event: 6.390 GC heap before
{Heap before GC invocations=18 (full 0):
 garbage-first heap   total 303104K, used 236856K [0x0000000601400000, 0x0000000800000000)
  region size 4096K, 33 young (135168K), 3 survivors (12288K)
 Metaspace       used 50884K, committed 51968K, reserved 1097728K
  class space    used 7263K, committed 7744K, reserved 1048576K
}
Event: 6.402 GC heap after
{Heap after GC invocations=19 (full 0):
 garbage-first heap   total 401408K, used 134097K [0x0000000601400000, 0x0000000800000000)
  region size 4096K, 5 young (20480K), 5 survivors (20480K)
 Metaspace       used 50884K, committed 51968K, reserved 1097728K
  class space    used 7263K, committed 7744K, reserved 1048576K
}
Event: 6.808 GC heap before
{Heap before GC invocations=19 (full 0):
 garbage-first heap   total 401408K, used 302033K [0x0000000601400000, 0x0000000800000000)
  region size 4096K, 46 young (188416K), 5 survivors (20480K)
 Metaspace       used 52820K, committed 53888K, reserved 1097728K
  class space    used 7709K, committed 8192K, reserved 1048576K
}
Event: 6.823 GC heap after
{Heap after GC invocations=20 (full 0):
 garbage-first heap   total 401408K, used 152850K [0x0000000601400000, 0x0000000800000000)
  region size 4096K, 6 young (24576K), 6 survivors (24576K)
 Metaspace       used 52820K, committed 53888K, reserved 1097728K
  class space    used 7709K, committed 8192K, reserved 1048576K
}
Event: 6.986 GC heap before
{Heap before GC invocations=20 (full 0):
 garbage-first heap   total 401408K, used 304402K [0x0000000601400000, 0x0000000800000000)
  region size 4096K, 43 young (176128K), 6 survivors (24576K)
 Metaspace       used 53864K, committed 54912K, reserved 1097728K
  class space    used 7899K, committed 8384K, reserved 1048576K
}
Event: 7.004 GC heap after
{Heap after GC invocations=21 (full 0):
 garbage-first heap   total 401408K, used 175231K [0x0000000601400000, 0x0000000800000000)
  region size 4096K, 6 young (24576K), 6 survivors (24576K)
 Metaspace       used 53864K, committed 54912K, reserved 1097728K
  class space    used 7899K, committed 8384K, reserved 1048576K
}
Event: 7.092 GC heap before
{Heap before GC invocations=21 (full 0):
 garbage-first heap   total 401408K, used 306303K [0x0000000601400000, 0x0000000800000000)
  region size 4096K, 38 young (155648K), 6 survivors (24576K)
 Metaspace       used 54427K, committed 55488K, reserved 1097728K
  class space    used 8002K, committed 8512K, reserved 1048576K
}
Event: 7.109 GC heap after
{Heap after GC invocations=22 (full 0):
 garbage-first heap   total 401408K, used 192974K [0x0000000601400000, 0x0000000800000000)
  region size 4096K, 5 young (20480K), 5 survivors (20480K)
 Metaspace       used 54427K, committed 55488K, reserved 1097728K
  class space    used 8002K, committed 8512K, reserved 1048576K
}
Event: 7.182 GC heap before
{Heap before GC invocations=22 (full 0):
 garbage-first heap   total 401408K, used 311758K [0x0000000601400000, 0x0000000800000000)
  region size 4096K, 34 young (139264K), 5 survivors (20480K)
 Metaspace       used 54772K, committed 55872K, reserved 1097728K
  class space    used 8073K, committed 8576K, reserved 1048576K
}
Event: 7.199 GC heap after
{Heap after GC invocations=23 (full 0):
 garbage-first heap   total 770048K, used 210258K [0x0000000601400000, 0x0000000800000000)
  region size 4096K, 5 young (20480K), 5 survivors (20480K)
 Metaspace       used 54772K, committed 55872K, reserved 1097728K
  class space    used 8073K, committed 8576K, reserved 1048576K
}
Event: 7.416 GC heap before
{Heap before GC invocations=23 (full 0):
 garbage-first heap   total 770048K, used 574802K [0x0000000601400000, 0x0000000800000000)
  region size 4096K, 94 young (385024K), 5 survivors (20480K)
 Metaspace       used 55926K, committed 57088K, reserved 1097728K
  class space    used 8300K, committed 8832K, reserved 1048576K
}
Event: 7.432 GC heap after
{Heap after GC invocations=24 (full 0):
 garbage-first heap   total 770048K, used 228135K [0x0000000601400000, 0x0000000800000000)
  region size 4096K, 9 young (36864K), 9 survivors (36864K)
 Metaspace       used 55926K, committed 57088K, reserved 1097728K
  class space    used 8300K, committed 8832K, reserved 1048576K
}
Event: 7.482 GC heap before
{Heap before GC invocations=24 (full 0):
 garbage-first heap   total 770048K, used 580391K [0x0000000601400000, 0x0000000800000000)
  region size 4096K, 94 young (385024K), 9 survivors (36864K)
 Metaspace       used 56281K, committed 57408K, reserved 1097728K
  class space    used 8351K, committed 8832K, reserved 1048576K
}
Event: 7.498 GC heap after
{Heap after GC invocations=25 (full 0):
 garbage-first heap   total 770048K, used 238786K [0x0000000601400000, 0x0000000800000000)
  region size 4096K, 7 young (28672K), 7 survivors (28672K)
 Metaspace       used 56281K, committed 57408K, reserved 1097728K
  class space    used 8351K, committed 8832K, reserved 1048576K
}
Event: 7.545 GC heap before
{Heap before GC invocations=25 (full 0):
 garbage-first heap   total 770048K, used 599234K [0x0000000601400000, 0x0000000800000000)
  region size 4096K, 95 young (389120K), 7 survivors (28672K)
 Metaspace       used 56396K, committed 57536K, reserved 1097728K
  class space    used 8380K, committed 8896K, reserved 1048576K
}
Event: 7.556 GC heap after
{Heap after GC invocations=26 (full 0):
 garbage-first heap   total 770048K, used 241013K [0x0000000601400000, 0x0000000800000000)
  region size 4096K, 7 young (28672K), 7 survivors (28672K)
 Metaspace       used 56396K, committed 57536K, reserved 1097728K
  class space    used 8380K, committed 8896K, reserved 1048576K
}
Event: 7.610 GC heap before
{Heap before GC invocations=26 (full 0):
 garbage-first heap   total 770048K, used 617845K [0x0000000601400000, 0x0000000800000000)
  region size 4096K, 99 young (405504K), 7 survivors (28672K)
 Metaspace       used 56534K, committed 57664K, reserved 1097728K
  class space    used 8414K, committed 8896K, reserved 1048576K
}

