# JRE version: OpenJDK Runtime Environment Temurin-17.0.4.1+1 (17.0.4.1+1) (build 17.0.4.1+1)
# Java VM: OpenJDK 64-Bit Server VM Temurin-17.0.4.1+1 (17.0.4.1+1, mixed mode, sharing, tiered, compressed oops, compressed class ptrs, g1 gc, windows-amd64)
GC Precious Log:
 CPUs: 12 total, 12 available
 Memory: 32684M
 Large Page Support: Disabled
 NUMA Support: Disabled
 Compressed Oops: Enabled (Zero based)
 Heap Region Size: 4M
 Heap Min Capacity: 8M
 Heap Initial Capacity: 512M
 Heap Max Capacity: 8172M
 Pre-touch: Disabled
 Parallel Workers: 10
 Concurrent Workers: 3
 Concurrent Refinement Workers: 10
 Periodic GC: Disabled
Heap:
 garbage-first heap   total 2170880K, used 252800K [0x0000000601400000, 0x0000000800000000)
  region size 4096K, 7 young (28672K), 7 survivors (28672K)
 Metaspace       used 64795K, committed 65920K, reserved 1105920K
  class space    used 9743K, committed 10240K, reserved 1048576K
GC Heap History (20 events):
Event: 7.201 GC heap after
{Heap after GC invocations=26 (full 0):
 garbage-first heap   total 1183744K, used 238539K [0x0000000601400000, 0x0000000800000000)
  region size 4096K, 3 young (12288K), 3 survivors (12288K)
 Metaspace       used 57251K, committed 58368K, reserved 1105920K
  class space    used 8470K, committed 8960K, reserved 1048576K
}
Event: 7.291 GC heap before
{Heap before GC invocations=26 (full 0):
 garbage-first heap   total 1183744K, used 930763K [0x0000000601400000, 0x0000000800000000)
  region size 4096K, 173 young (708608K), 3 survivors (12288K)
 Metaspace       used 57831K, committed 58944K, reserved 1105920K
  class space    used 8604K, committed 9152K, reserved 1048576K
}
Event: 7.298 GC heap after
{Heap after GC invocations=27 (full 0):
 garbage-first heap   total 1183744K, used 239541K [0x0000000601400000, 0x0000000800000000)
  region size 4096K, 4 young (16384K), 4 survivors (16384K)
 Metaspace       used 57831K, committed 58944K, reserved 1105920K
  class space    used 8604K, committed 9152K, reserved 1048576K
}
Event: 7.394 GC heap before
{Heap before GC invocations=27 (full 0):
 garbage-first heap   total 1183744K, used 931765K [0x0000000601400000, 0x0000000800000000)
  region size 4096K, 173 young (708608K), 4 survivors (16384K)
 Metaspace       used 58259K, committed 59392K, reserved 1105920K
  class space    used 8704K, committed 9216K, reserved 1048576K
}
Event: 7.404 GC heap after
{Heap after GC invocations=28 (full 0):
 garbage-first heap   total 2170880K, used 240981K [0x0000000601400000, 0x0000000800000000)
  region size 4096K, 4 young (16384K), 4 survivors (16384K)
 Metaspace       used 58259K, committed 59392K, reserved 1105920K
  class space    used 8704K, committed 9216K, reserved 1048576K
}
Event: 7.773 GC heap before
{Heap before GC invocations=28 (full 0):
 garbage-first heap   total 2170880K, used 1527125K [0x0000000601400000, 0x0000000800000000)
  region size 4096K, 318 young (1302528K), 4 survivors (16384K)
 Metaspace       used 59353K, committed 60480K, reserved 1105920K
  class space    used 8888K, committed 9408K, reserved 1048576K
}
Event: 7.781 GC heap after
{Heap after GC invocations=29 (full 0):
 garbage-first heap   total 2170880K, used 243719K [0x0000000601400000, 0x0000000800000000)
  region size 4096K, 5 young (20480K), 5 survivors (20480K)
 Metaspace       used 59353K, committed 60480K, reserved 1105920K
  class space    used 8888K, committed 9408K, reserved 1048576K
}
Event: 7.840 GC heap before
{Heap before GC invocations=29 (full 0):
 garbage-first heap   total 2170880K, used 600071K [0x0000000601400000, 0x0000000800000000)
  region size 4096K, 93 young (380928K), 5 survivors (20480K)
 Metaspace       used 59502K, committed 60608K, reserved 1105920K
  class space    used 8916K, committed 9472K, reserved 1048576K
}
Event: 7.847 GC heap after
{Heap after GC invocations=30 (full 0):
 garbage-first heap   total 2170880K, used 245014K [0x0000000601400000, 0x0000000800000000)
  region size 4096K, 5 young (20480K), 5 survivors (20480K)
 Metaspace       used 59502K, committed 60608K, reserved 1105920K
  class space    used 8916K, committed 9472K, reserved 1048576K
}
Event: 8.118 GC heap before
{Heap before GC invocations=31 (full 0):
 garbage-first heap   total 2170880K, used 1522966K [0x0000000601400000, 0x0000000800000000)
  region size 4096K, 318 young (1302528K), 5 survivors (20480K)
 Metaspace       used 59543K, committed 60672K, reserved 1105920K
  class space    used 8924K, committed 9472K, reserved 1048576K
}
Event: 8.128 GC heap after
{Heap after GC invocations=32 (full 0):
 garbage-first heap   total 2170880K, used 245431K [0x0000000601400000, 0x0000000800000000)
  region size 4096K, 5 young (20480K), 5 survivors (20480K)
 Metaspace       used 59543K, committed 60672K, reserved 1105920K
  class space    used 8924K, committed 9472K, reserved 1048576K
}
Event: 8.402 GC heap before
{Heap before GC invocations=32 (full 0):
 garbage-first heap   total 2170880K, used 1527479K [0x0000000601400000, 0x0000000800000000)
  region size 4096K, 318 young (1302528K), 5 survivors (20480K)
 Metaspace       used 60763K, committed 61824K, reserved 1105920K
  class space    used 9162K, committed 9664K, reserved 1048576K
}
Event: 8.410 GC heap after
{Heap after GC invocations=33 (full 0):
 garbage-first heap   total 2170880K, used 247314K [0x0000000601400000, 0x0000000800000000)
  region size 4096K, 5 young (20480K), 5 survivors (20480K)
 Metaspace       used 60763K, committed 61824K, reserved 1105920K
  class space    used 9162K, committed 9664K, reserved 1048576K
}
Event: 8.646 GC heap before
{Heap before GC invocations=33 (full 0):
 garbage-first heap   total 2170880K, used 1529362K [0x0000000601400000, 0x0000000800000000)
  region size 4096K, 318 young (1302528K), 5 survivors (20480K)
 Metaspace       used 62089K, committed 63168K, reserved 1105920K
  class space    used 9363K, committed 9856K, reserved 1048576K
}
Event: 8.655 GC heap after
{Heap after GC invocations=34 (full 0):
 garbage-first heap   total 2170880K, used 250682K [0x0000000601400000, 0x0000000800000000)
  region size 4096K, 6 young (24576K), 6 survivors (24576K)
 Metaspace       used 62089K, committed 63168K, reserved 1105920K
  class space    used 9363K, committed 9856K, reserved 1048576K
}
Event: 8.806 GC heap before
{Heap before GC invocations=34 (full 0):
 garbage-first heap   total 2170880K, used 1528634K [0x0000000601400000, 0x0000000800000000)
  region size 4096K, 318 young (1302528K), 6 survivors (24576K)
 Metaspace       used 63161K, committed 64320K, reserved 1105920K
  class space    used 9455K, committed 9984K, reserved 1048576K
}
Event: 8.815 GC heap after
{Heap after GC invocations=35 (full 0):
 garbage-first heap   total 2170880K, used 251133K [0x0000000601400000, 0x0000000800000000)
  region size 4096K, 6 young (24576K), 6 survivors (24576K)
 Metaspace       used 63161K, committed 64320K, reserved 1105920K
  class space    used 9455K, committed 9984K, reserved 1048576K
}
Event: 8.983 GC heap before
{Heap before GC invocations=35 (full 0):
 garbage-first heap   total 2170880K, used 1529085K [0x0000000601400000, 0x0000000800000000)
  region size 4096K, 318 young (1302528K), 6 survivors (24576K)
 Metaspace       used 63876K, committed 64960K, reserved 1105920K
  class space    used 9555K, committed 10048K, reserved 1048576K
}
Event: 8.991 GC heap after
{Heap after GC invocations=36 (full 0):
 garbage-first heap   total 2170880K, used 251848K [0x0000000601400000, 0x0000000800000000)
  region size 4096K, 7 young (28672K), 7 survivors (28672K)
 Metaspace       used 63876K, committed 64960K, reserved 1105920K
  class space    used 9555K, committed 10048K, reserved 1048576K
}
Event: 9.171 GC heap before
{Heap before GC invocations=36 (full 0):
 garbage-first heap   total 2170880K, used 1525704K [0x0000000601400000, 0x0000000800000000)
  region size 4096K, 318 young (1302528K), 7 survivors (28672K)
 Metaspace       used 64795K, committed 65920K, reserved 1105920K
  class space    used 9743K, committed 10240K, reserved 1048576K
}

