# JRE version: OpenJDK Runtime Environment Temurin-17.0.4.1+1 (17.0.4.1+1) (build 17.0.4.1+1)
# Java VM: OpenJDK 64-Bit Server VM Temurin-17.0.4.1+1 (17.0.4.1+1, mixed mode, sharing, tiered, compressed oops, compressed class ptrs, g1 gc, windows-amd64)
GC Precious Log:
 CPUs: 12 total, 12 available
 Memory: 32684M
 Large Page Support: Disabled
 NUMA Support: Disabled
 Compressed Oops: Enabled (Zero based)
 Heap Region Size: 4M
 Heap Min Capacity: 8M
 Heap Initial Capacity: 512M
 Heap Max Capacity: 8172M
 Pre-touch: Disabled
 Parallel Workers: 10
 Concurrent Workers: 3
 Concurrent Refinement Workers: 10
 Periodic GC: Disabled
Heap:
 garbage-first heap   total 2211840K, used 262079K [0x0000000601400000, 0x0000000800000000)
  region size 4096K, 4 young (16384K), 4 survivors (16384K)
 Metaspace       used 69312K, committed 70592K, reserved 1114112K
  class space    used 10373K, committed 10944K, reserved 1048576K
GC Heap History (20 events):
Event: 7.909 GC heap after
{Heap after GC invocations=34 (full 0):
 garbage-first heap   total 2211840K, used 247025K [0x0000000601400000, 0x0000000800000000)
  region size 4096K, 6 young (24576K), 6 survivors (24576K)
 Metaspace       used 59346K, committed 60480K, reserved 1105920K
  class space    used 8937K, committed 9472K, reserved 1048576K
}
Event: 8.428 GC heap before
{Heap before GC invocations=35 (full 0):
 garbage-first heap   total 1953792K, used 1545457K [0x0000000601400000, 0x0000000800000000)
  region size 4096K, 324 young (1327104K), 6 survivors (24576K)
 Metaspace       used 61517K, committed 62656K, reserved 1105920K
  class space    used 9343K, committed 9856K, reserved 1048576K
}
Event: 8.439 GC heap after
{Heap after GC invocations=36 (full 0):
 garbage-first heap   total 1953792K, used 252347K [0x0000000601400000, 0x0000000800000000)
  region size 4096K, 7 young (28672K), 7 survivors (28672K)
 Metaspace       used 61517K, committed 62656K, reserved 1105920K
  class space    used 9343K, committed 9856K, reserved 1048576K
}
Event: 8.457 GC heap before
{Heap before GC invocations=36 (full 0):
 garbage-first heap   total 1953792K, used 317883K [0x0000000601400000, 0x0000000800000000)
  region size 4096K, 23 young (94208K), 7 survivors (28672K)
 Metaspace       used 61554K, committed 62720K, reserved 1105920K
  class space    used 9347K, committed 9856K, reserved 1048576K
}
Event: 8.467 GC heap after
{Heap after GC invocations=37 (full 0):
 garbage-first heap   total 1953792K, used 252948K [0x0000000601400000, 0x0000000800000000)
  region size 4096K, 2 young (8192K), 2 survivors (8192K)
 Metaspace       used 61554K, committed 62720K, reserved 1105920K
  class space    used 9347K, committed 9856K, reserved 1048576K
}
Event: 8.661 GC heap before
{Heap before GC invocations=37 (full 0):
 garbage-first heap   total 1953792K, used 1416212K [0x0000000601400000, 0x0000000800000000)
  region size 4096K, 286 young (1171456K), 2 survivors (8192K)
 Metaspace       used 62522K, committed 63808K, reserved 1105920K
  class space    used 9463K, committed 10048K, reserved 1048576K
}
Event: 8.666 GC heap after
{Heap after GC invocations=38 (full 0):
 garbage-first heap   total 1953792K, used 253397K [0x0000000601400000, 0x0000000800000000)
  region size 4096K, 3 young (12288K), 3 survivors (12288K)
 Metaspace       used 62522K, committed 63808K, reserved 1105920K
  class space    used 9463K, committed 10048K, reserved 1048576K
}
Event: 8.915 GC heap before
{Heap before GC invocations=38 (full 0):
 garbage-first heap   total 1953792K, used 1412565K [0x0000000601400000, 0x0000000800000000)
  region size 4096K, 286 young (1171456K), 3 survivors (12288K)
 Metaspace       used 62954K, committed 64192K, reserved 1105920K
  class space    used 9529K, committed 10112K, reserved 1048576K
}
Event: 8.920 GC heap after
{Heap after GC invocations=39 (full 0):
 garbage-first heap   total 1953792K, used 254170K [0x0000000601400000, 0x0000000800000000)
  region size 4096K, 3 young (12288K), 3 survivors (12288K)
 Metaspace       used 62954K, committed 64192K, reserved 1105920K
  class space    used 9529K, committed 10112K, reserved 1048576K
}
Event: 9.240 GC heap before
{Heap before GC invocations=40 (full 0):
 garbage-first heap   total 1953792K, used 1413338K [0x0000000601400000, 0x0000000800000000)
  region size 4096K, 286 young (1171456K), 3 survivors (12288K)
 Metaspace       used 64738K, committed 65984K, reserved 1105920K
  class space    used 9828K, committed 10368K, reserved 1048576K
}
Event: 9.247 GC heap after
{Heap after GC invocations=41 (full 0):
 garbage-first heap   total 1953792K, used 257606K [0x0000000601400000, 0x0000000800000000)
  region size 4096K, 4 young (16384K), 4 survivors (16384K)
 Metaspace       used 64738K, committed 65984K, reserved 1105920K
  class space    used 9828K, committed 10368K, reserved 1048576K
}
Event: 9.293 GC heap before
{Heap before GC invocations=41 (full 0):
 garbage-first heap   total 1953792K, used 335430K [0x0000000601400000, 0x0000000800000000)
  region size 4096K, 23 young (94208K), 4 survivors (16384K)
 Metaspace       used 64812K, committed 66048K, reserved 1105920K
  class space    used 9839K, committed 10368K, reserved 1048576K
}
Event: 9.300 GC heap after
{Heap after GC invocations=42 (full 0):
 garbage-first heap   total 1953792K, used 256983K [0x0000000601400000, 0x0000000800000000)
  region size 4096K, 2 young (8192K), 2 survivors (8192K)
 Metaspace       used 64812K, committed 66048K, reserved 1105920K
  class space    used 9839K, committed 10368K, reserved 1048576K
}
Event: 9.656 GC heap before
{Heap before GC invocations=42 (full 0):
 garbage-first heap   total 1953792K, used 1420247K [0x0000000601400000, 0x0000000800000000)
  region size 4096K, 286 young (1171456K), 2 survivors (8192K)
 Metaspace       used 65720K, committed 66944K, reserved 1105920K
  class space    used 9969K, committed 10496K, reserved 1048576K
}
Event: 9.662 GC heap after
{Heap after GC invocations=43 (full 0):
 garbage-first heap   total 1953792K, used 259040K [0x0000000601400000, 0x0000000800000000)
  region size 4096K, 3 young (12288K), 3 survivors (12288K)
 Metaspace       used 65720K, committed 66944K, reserved 1105920K
  class space    used 9969K, committed 10496K, reserved 1048576K
}
Event: 9.898 GC heap before
{Heap before GC invocations=43 (full 0):
 garbage-first heap   total 1953792K, used 1414112K [0x0000000601400000, 0x0000000800000000)
  region size 4096K, 286 young (1171456K), 3 survivors (12288K)
 Metaspace       used 66525K, committed 67840K, reserved 1105920K
  class space    used 10058K, committed 10688K, reserved 1048576K
}
Event: 9.903 GC heap after
{Heap after GC invocations=44 (full 0):
 garbage-first heap   total 1953792K, used 260400K [0x0000000601400000, 0x0000000800000000)
  region size 4096K, 3 young (12288K), 3 survivors (12288K)
 Metaspace       used 66525K, committed 67840K, reserved 1105920K
  class space    used 10058K, committed 10688K, reserved 1048576K
}
Event: 10.073 GC heap before
{Heap before GC invocations=44 (full 0):
 garbage-first heap   total 1953792K, used 1419568K [0x0000000601400000, 0x0000000800000000)
  region size 4096K, 286 young (1171456K), 3 survivors (12288K)
 Metaspace       used 68200K, committed 69504K, reserved 1114112K
  class space    used 10246K, committed 10816K, reserved 1048576K
}
Event: 10.081 GC heap after
{Heap after GC invocations=45 (full 0):
 garbage-first heap   total 1953792K, used 261011K [0x0000000601400000, 0x0000000800000000)
  region size 4096K, 3 young (12288K), 3 survivors (12288K)
 Metaspace       used 68200K, committed 69504K, reserved 1114112K
  class space    used 10246K, committed 10816K, reserved 1048576K
}
Event: 10.322 GC heap before
{Heap before GC invocations=45 (full 0):
 garbage-first heap   total 1953792K, used 1420179K [0x0000000601400000, 0x0000000800000000)
  region size 4096K, 286 young (1171456K), 3 survivors (12288K)
 Metaspace       used 69312K, committed 70592K, reserved 1114112K
  class space    used 10373K, committed 10944K, reserved 1048576K
}

