# JRE version: OpenJDK Runtime Environment Temurin-17.0.4.1+1 (17.0.4.1+1) (build 17.0.4.1+1)
# Java VM: OpenJDK 64-Bit Server VM Temurin-17.0.4.1+1 (17.0.4.1+1, mixed mode, sharing, tiered, compressed oops, compressed class ptrs, g1 gc, windows-amd64)
GC Precious Log:
 CPUs: 12 total, 12 available
 Memory: 32684M
 Large Page Support: Disabled
 NUMA Support: Disabled
 Compressed Oops: Enabled (Zero based)
 Heap Region Size: 4M
 Heap Min Capacity: 8M
 Heap Initial Capacity: 512M
 Heap Max Capacity: 8172M
 Pre-touch: Disabled
 Parallel Workers: 10
 Concurrent Workers: 3
 Concurrent Refinement Workers: 10
 Periodic GC: Disabled
Heap:
 garbage-first heap   total 753664K, used 241834K [0x0000000601400000, 0x0000000800000000)
  region size 4096K, 4 young (16384K), 4 survivors (16384K)
 Metaspace       used 55181K, committed 56192K, reserved 1097728K
  class space    used 8161K, committed 8640K, reserved 1048576K
GC Heap History (20 events):
Event: 5.481 GC heap after
{Heap after GC invocations=19 (full 0):
 garbage-first heap   total 286720K, used 113192K [0x0000000601400000, 0x0000000800000000)
  region size 4096K, 3 young (12288K), 3 survivors (12288K)
 Metaspace       used 44079K, committed 45056K, reserved 1089536K
  class space    used 5898K, committed 6336K, reserved 1048576K
}
Event: 5.906 GC heap before
{Heap before GC invocations=19 (full 0):
 garbage-first heap   total 286720K, used 223784K [0x0000000601400000, 0x0000000800000000)
  region size 4096K, 31 young (126976K), 3 survivors (12288K)
 Metaspace       used 49349K, committed 50432K, reserved 1097728K
  class space    used 6848K, committed 7360K, reserved 1048576K
}
Event: 5.919 GC heap after
{Heap after GC invocations=20 (full 0):
 garbage-first heap   total 376832K, used 133630K [0x0000000601400000, 0x0000000800000000)
  region size 4096K, 4 young (16384K), 4 survivors (16384K)
 Metaspace       used 49349K, committed 50432K, reserved 1097728K
  class space    used 6848K, committed 7360K, reserved 1048576K
}
Event: 6.176 GC heap before
{Heap before GC invocations=20 (full 0):
 garbage-first heap   total 376832K, used 289278K [0x0000000601400000, 0x0000000800000000)
  region size 4096K, 42 young (172032K), 4 survivors (16384K)
 Metaspace       used 51816K, committed 52928K, reserved 1097728K
  class space    used 7481K, committed 8000K, reserved 1048576K
}
Event: 6.190 GC heap after
{Heap after GC invocations=21 (full 0):
 garbage-first heap   total 376832K, used 151140K [0x0000000601400000, 0x0000000800000000)
  region size 4096K, 4 young (16384K), 4 survivors (16384K)
 Metaspace       used 51816K, committed 52928K, reserved 1097728K
  class space    used 7481K, committed 8000K, reserved 1048576K
}
Event: 6.333 GC heap before
{Heap before GC invocations=21 (full 0):
 garbage-first heap   total 376832K, used 290404K [0x0000000601400000, 0x0000000800000000)
  region size 4096K, 38 young (155648K), 4 survivors (16384K)
 Metaspace       used 52849K, committed 53888K, reserved 1097728K
  class space    used 7712K, committed 8192K, reserved 1048576K
}
Event: 6.348 GC heap after
{Heap after GC invocations=22 (full 0):
 garbage-first heap   total 376832K, used 170122K [0x0000000601400000, 0x0000000800000000)
  region size 4096K, 5 young (20480K), 5 survivors (20480K)
 Metaspace       used 52849K, committed 53888K, reserved 1097728K
  class space    used 7712K, committed 8192K, reserved 1048576K
}
Event: 6.417 GC heap before
{Heap before GC invocations=22 (full 0):
 garbage-first heap   total 376832K, used 288906K [0x0000000601400000, 0x0000000800000000)
  region size 4096K, 34 young (139264K), 5 survivors (20480K)
 Metaspace       used 53324K, committed 54400K, reserved 1097728K
  class space    used 7794K, committed 8320K, reserved 1048576K
}
Event: 6.432 GC heap after
{Heap after GC invocations=23 (full 0):
 garbage-first heap   total 376832K, used 186759K [0x0000000601400000, 0x0000000800000000)
  region size 4096K, 5 young (20480K), 5 survivors (20480K)
 Metaspace       used 53324K, committed 54400K, reserved 1097728K
  class space    used 7794K, committed 8320K, reserved 1048576K
}
Event: 6.494 GC heap before
{Heap before GC invocations=23 (full 0):
 garbage-first heap   total 376832K, used 293255K [0x0000000601400000, 0x0000000800000000)
  region size 4096K, 31 young (126976K), 5 survivors (20480K)
 Metaspace       used 53749K, committed 54848K, reserved 1097728K
  class space    used 7873K, committed 8384K, reserved 1048576K
}
Event: 6.509 GC heap after
{Heap after GC invocations=24 (full 0):
 garbage-first heap   total 753664K, used 202850K [0x0000000601400000, 0x0000000800000000)
  region size 4096K, 4 young (16384K), 4 survivors (16384K)
 Metaspace       used 53749K, committed 54848K, reserved 1097728K
  class space    used 7873K, committed 8384K, reserved 1048576K
}
Event: 6.775 GC heap before
{Heap before GC invocations=25 (full 0):
 garbage-first heap   total 753664K, used 563298K [0x0000000601400000, 0x0000000800000000)
  region size 4096K, 92 young (376832K), 4 survivors (16384K)
 Metaspace       used 54149K, committed 55168K, reserved 1097728K
  class space    used 7950K, committed 8448K, reserved 1048576K
}
Event: 6.791 GC heap after
{Heap after GC invocations=26 (full 0):
 garbage-first heap   total 753664K, used 224405K [0x0000000601400000, 0x0000000800000000)
  region size 4096K, 9 young (36864K), 9 survivors (36864K)
 Metaspace       used 54149K, committed 55168K, reserved 1097728K
  class space    used 7950K, committed 8448K, reserved 1048576K
}
Event: 6.844 GC heap before
{Heap before GC invocations=26 (full 0):
 garbage-first heap   total 753664K, used 564373K [0x0000000601400000, 0x0000000800000000)
  region size 4096K, 92 young (376832K), 9 survivors (36864K)
 Metaspace       used 54473K, committed 55488K, reserved 1097728K
  class space    used 8020K, committed 8512K, reserved 1048576K
}
Event: 6.856 GC heap after
{Heap after GC invocations=27 (full 0):
 garbage-first heap   total 753664K, used 229552K [0x0000000601400000, 0x0000000800000000)
  region size 4096K, 7 young (28672K), 7 survivors (28672K)
 Metaspace       used 54473K, committed 55488K, reserved 1097728K
  class space    used 8020K, committed 8512K, reserved 1048576K
}
Event: 6.910 GC heap before
{Heap before GC invocations=27 (full 0):
 garbage-first heap   total 753664K, used 590000K [0x0000000601400000, 0x0000000800000000)
  region size 4096K, 94 young (385024K), 7 survivors (28672K)
 Metaspace       used 54700K, committed 55808K, reserved 1097728K
  class space    used 8063K, committed 8576K, reserved 1048576K
}
Event: 6.922 GC heap after
{Heap after GC invocations=28 (full 0):
 garbage-first heap   total 753664K, used 237183K [0x0000000601400000, 0x0000000800000000)
  region size 4096K, 3 young (12288K), 3 survivors (12288K)
 Metaspace       used 54700K, committed 55808K, reserved 1097728K
  class space    used 8063K, committed 8576K, reserved 1048576K
}
Event: 6.969 GC heap before
{Heap before GC invocations=28 (full 0):
 garbage-first heap   total 753664K, used 597631K [0x0000000601400000, 0x0000000800000000)
  region size 4096K, 91 young (372736K), 3 survivors (12288K)
 Metaspace       used 54964K, committed 56064K, reserved 1097728K
  class space    used 8123K, committed 8640K, reserved 1048576K
}
Event: 6.975 GC heap after
{Heap after GC invocations=29 (full 0):
 garbage-first heap   total 753664K, used 239948K [0x0000000601400000, 0x0000000800000000)
  region size 4096K, 3 young (12288K), 3 survivors (12288K)
 Metaspace       used 54964K, committed 56064K, reserved 1097728K
  class space    used 8123K, committed 8640K, reserved 1048576K
}
Event: 7.015 GC heap before
{Heap before GC invocations=29 (full 0):
 garbage-first heap   total 753664K, used 612684K [0x0000000601400000, 0x0000000800000000)
  region size 4096K, 94 young (385024K), 3 survivors (12288K)
 Metaspace       used 55181K, committed 56192K, reserved 1097728K
  class space    used 8161K, committed 8640K, reserved 1048576K
}

