# JRE version: OpenJDK Runtime Environment Temurin-17.0.4.1+1 (17.0.4.1+1) (build 17.0.4.1+1)
# Java VM: OpenJDK 64-Bit Server VM Temurin-17.0.4.1+1 (17.0.4.1+1, mixed mode, sharing, tiered, compressed oops, compressed class ptrs, g1 gc, windows-amd64)
GC Precious Log:
 CPUs: 12 total, 12 available
 Memory: 32684M
 Large Page Support: Disabled
 NUMA Support: Disabled
 Compressed Oops: Enabled (Zero based)
 Heap Region Size: 4M
 Heap Min Capacity: 8M
 Heap Initial Capacity: 512M
 Heap Max Capacity: 8172M
 Pre-touch: Disabled
 Parallel Workers: 10
 Concurrent Workers: 3
 Concurrent Refinement Workers: 10
 Periodic GC: Disabled
Heap:
 garbage-first heap   total 1671168K, used 254657K [0x0000000601400000, 0x0000000800000000)
  region size 4096K, 4 young (16384K), 4 survivors (16384K)
 Metaspace       used 65200K, committed 66304K, reserved 1105920K
  class space    used 9776K, committed 10240K, reserved 1048576K
GC Heap History (20 events):
Event: 7.017 GC heap after
{Heap after GC invocations=29 (full 0):
 garbage-first heap   total 643072K, used 239465K [0x0000000601400000, 0x0000000800000000)
  region size 4096K, 2 young (8192K), 2 survivors (8192K)
 Metaspace       used 60691K, committed 61696K, reserved 1105920K
  class space    used 9092K, committed 9536K, reserved 1048576K
}
Event: 7.021 GC heap before
{Heap before GC invocations=29 (full 0):
 garbage-first heap   total 643072K, used 259945K [0x0000000601400000, 0x0000000800000000)
  region size 4096K, 7 young (28672K), 2 survivors (8192K)
 Metaspace       used 60691K, committed 61696K, reserved 1105920K
  class space    used 9092K, committed 9536K, reserved 1048576K
}
Event: 7.024 GC heap after
{Heap after GC invocations=30 (full 0):
 garbage-first heap   total 643072K, used 241109K [0x0000000601400000, 0x0000000800000000)
  region size 4096K, 1 young (4096K), 1 survivors (4096K)
 Metaspace       used 60691K, committed 61696K, reserved 1105920K
  class space    used 9092K, committed 9536K, reserved 1048576K
}
Event: 7.052 GC heap before
{Heap before GC invocations=30 (full 0):
 garbage-first heap   total 643072K, used 511445K [0x0000000601400000, 0x0000000800000000)
  region size 4096K, 67 young (274432K), 1 survivors (4096K)
 Metaspace       used 60856K, committed 61952K, reserved 1105920K
  class space    used 9122K, committed 9600K, reserved 1048576K
}
Event: 7.056 GC heap after
{Heap after GC invocations=31 (full 0):
 garbage-first heap   total 643072K, used 242563K [0x0000000601400000, 0x0000000800000000)
  region size 4096K, 1 young (4096K), 1 survivors (4096K)
 Metaspace       used 60856K, committed 61952K, reserved 1105920K
  class space    used 9122K, committed 9600K, reserved 1048576K
}
Event: 7.094 GC heap before
{Heap before GC invocations=31 (full 0):
 garbage-first heap   total 643072K, used 521091K [0x0000000601400000, 0x0000000800000000)
  region size 4096K, 69 young (282624K), 1 survivors (4096K)
 Metaspace       used 60903K, committed 61952K, reserved 1105920K
  class space    used 9131K, committed 9600K, reserved 1048576K
}
Event: 7.100 GC heap after
{Heap after GC invocations=32 (full 0):
 garbage-first heap   total 1671168K, used 243719K [0x0000000601400000, 0x0000000800000000)
  region size 4096K, 2 young (8192K), 2 survivors (8192K)
 Metaspace       used 60903K, committed 61952K, reserved 1105920K
  class space    used 9131K, committed 9600K, reserved 1048576K
}
Event: 7.330 GC heap before
{Heap before GC invocations=33 (full 0):
 garbage-first heap   total 1671168K, used 1230855K [0x0000000601400000, 0x0000000800000000)
  region size 4096K, 244 young (999424K), 2 survivors (8192K)
 Metaspace       used 61541K, committed 62592K, reserved 1105920K
  class space    used 9265K, committed 9728K, reserved 1048576K
}
Event: 7.336 GC heap after
{Heap after GC invocations=34 (full 0):
 garbage-first heap   total 1671168K, used 248037K [0x0000000601400000, 0x0000000800000000)
  region size 4096K, 3 young (12288K), 3 survivors (12288K)
 Metaspace       used 61541K, committed 62592K, reserved 1105920K
  class space    used 9265K, committed 9728K, reserved 1048576K
}
Event: 7.343 GC heap before
{Heap before GC invocations=34 (full 0):
 garbage-first heap   total 1671168K, used 317669K [0x0000000601400000, 0x0000000800000000)
  region size 4096K, 20 young (81920K), 3 survivors (12288K)
 Metaspace       used 61556K, committed 62592K, reserved 1105920K
  class space    used 9266K, committed 9728K, reserved 1048576K
}
Event: 7.348 GC heap after
{Heap after GC invocations=35 (full 0):
 garbage-first heap   total 1671168K, used 246684K [0x0000000601400000, 0x0000000800000000)
  region size 4096K, 2 young (8192K), 2 survivors (8192K)
 Metaspace       used 61556K, committed 62592K, reserved 1105920K
  class space    used 9266K, committed 9728K, reserved 1048576K
}
Event: 7.439 GC heap before
{Heap before GC invocations=35 (full 0):
 garbage-first heap   total 1671168K, used 1237916K [0x0000000601400000, 0x0000000800000000)
  region size 4096K, 244 young (999424K), 2 survivors (8192K)
 Metaspace       used 62027K, committed 63104K, reserved 1105920K
  class space    used 9350K, committed 9856K, reserved 1048576K
}
Event: 7.443 GC heap after
{Heap after GC invocations=36 (full 0):
 garbage-first heap   total 1671168K, used 248323K [0x0000000601400000, 0x0000000800000000)
  region size 4096K, 2 young (8192K), 2 survivors (8192K)
 Metaspace       used 62027K, committed 63104K, reserved 1105920K
  class space    used 9350K, committed 9856K, reserved 1048576K
}
Event: 7.644 GC heap before
{Heap before GC invocations=36 (full 0):
 garbage-first heap   total 1671168K, used 1239555K [0x0000000601400000, 0x0000000800000000)
  region size 4096K, 244 young (999424K), 2 survivors (8192K)
 Metaspace       used 62616K, committed 63744K, reserved 1105920K
  class space    used 9406K, committed 9856K, reserved 1048576K
}
Event: 7.648 GC heap after
{Heap after GC invocations=37 (full 0):
 garbage-first heap   total 1671168K, used 249665K [0x0000000601400000, 0x0000000800000000)
  region size 4096K, 3 young (12288K), 3 survivors (12288K)
 Metaspace       used 62616K, committed 63744K, reserved 1105920K
  class space    used 9406K, committed 9856K, reserved 1048576K
}
Event: 7.856 GC heap before
{Heap before GC invocations=37 (full 0):
 garbage-first heap   total 1671168K, used 1236801K [0x0000000601400000, 0x0000000800000000)
  region size 4096K, 244 young (999424K), 3 survivors (12288K)
 Metaspace       used 63899K, committed 65024K, reserved 1105920K
  class space    used 9524K, committed 9984K, reserved 1048576K
}
Event: 7.862 GC heap after
{Heap after GC invocations=38 (full 0):
 garbage-first heap   total 1671168K, used 253921K [0x0000000601400000, 0x0000000800000000)
  region size 4096K, 4 young (16384K), 4 survivors (16384K)
 Metaspace       used 63899K, committed 65024K, reserved 1105920K
  class space    used 9524K, committed 9984K, reserved 1048576K
}
Event: 7.981 GC heap before
{Heap before GC invocations=38 (full 0):
 garbage-first heap   total 1671168K, used 1236961K [0x0000000601400000, 0x0000000800000000)
  region size 4096K, 244 young (999424K), 4 survivors (16384K)
 Metaspace       used 64509K, committed 65600K, reserved 1105920K
  class space    used 9618K, committed 10112K, reserved 1048576K
}
Event: 7.986 GC heap after
{Heap after GC invocations=39 (full 0):
 garbage-first heap   total 1671168K, used 254052K [0x0000000601400000, 0x0000000800000000)
  region size 4096K, 4 young (16384K), 4 survivors (16384K)
 Metaspace       used 64509K, committed 65600K, reserved 1105920K
  class space    used 9618K, committed 10112K, reserved 1048576K
}
Event: 8.117 GC heap before
{Heap before GC invocations=39 (full 0):
 garbage-first heap   total 1671168K, used 1232996K [0x0000000601400000, 0x0000000800000000)
  region size 4096K, 244 young (999424K), 4 survivors (16384K)
 Metaspace       used 65200K, committed 66304K, reserved 1105920K
  class space    used 9776K, committed 10240K, reserved 1048576K
}

